running egg_info
creating ../../build/service_demo/service_demo.egg-info
writing ../../build/service_demo/service_demo.egg-info/PKG-INFO
writing dependency_links to ../../build/service_demo/service_demo.egg-info/dependency_links.txt
writing entry points to ../../build/service_demo/service_demo.egg-info/entry_points.txt
writing requirements to ../../build/service_demo/service_demo.egg-info/requires.txt
writing top-level names to ../../build/service_demo/service_demo.egg-info/top_level.txt
writing manifest file '../../build/service_demo/service_demo.egg-info/SOURCES.txt'
reading manifest file '../../build/service_demo/service_demo.egg-info/SOURCES.txt'
writing manifest file '../../build/service_demo/service_demo.egg-info/SOURCES.txt'
running build
running build_py
creating /media/sns/Study/1_RME/Ros2/ros2_ws/build/service_demo/build
creating /media/sns/Study/1_RME/Ros2/ros2_ws/build/service_demo/build/lib
creating /media/sns/Study/1_RME/Ros2/ros2_ws/build/service_demo/build/lib/service_demo
copying service_demo/client.py -> /media/sns/Study/1_RME/Ros2/ros2_ws/build/service_demo/build/lib/service_demo
copying service_demo/server.py -> /media/sns/Study/1_RME/Ros2/ros2_ws/build/service_demo/build/lib/service_demo
copying service_demo/__init__.py -> /media/sns/Study/1_RME/Ros2/ros2_ws/build/service_demo/build/lib/service_demo
running install
running install_lib
creating /media/sns/Study/1_RME/Ros2/ros2_ws/install/service_demo/lib/python3.12/site-packages/service_demo
copying /media/sns/Study/1_RME/Ros2/ros2_ws/build/service_demo/build/lib/service_demo/client.py -> /media/sns/Study/1_RME/Ros2/ros2_ws/install/service_demo/lib/python3.12/site-packages/service_demo
copying /media/sns/Study/1_RME/Ros2/ros2_ws/build/service_demo/build/lib/service_demo/server.py -> /media/sns/Study/1_RME/Ros2/ros2_ws/install/service_demo/lib/python3.12/site-packages/service_demo
copying /media/sns/Study/1_RME/Ros2/ros2_ws/build/service_demo/build/lib/service_demo/__init__.py -> /media/sns/Study/1_RME/Ros2/ros2_ws/install/service_demo/lib/python3.12/site-packages/service_demo
byte-compiling /media/sns/Study/1_RME/Ros2/ros2_ws/install/service_demo/lib/python3.12/site-packages/service_demo/client.py to client.cpython-312.pyc
byte-compiling /media/sns/Study/1_RME/Ros2/ros2_ws/install/service_demo/lib/python3.12/site-packages/service_demo/server.py to server.cpython-312.pyc
byte-compiling /media/sns/Study/1_RME/Ros2/ros2_ws/install/service_demo/lib/python3.12/site-packages/service_demo/__init__.py to __init__.cpython-312.pyc
running install_data
creating /media/sns/Study/1_RME/Ros2/ros2_ws/install/service_demo/share/ament_index
creating /media/sns/Study/1_RME/Ros2/ros2_ws/install/service_demo/share/ament_index/resource_index
creating /media/sns/Study/1_RME/Ros2/ros2_ws/install/service_demo/share/ament_index/resource_index/packages
copying resource/service_demo -> /media/sns/Study/1_RME/Ros2/ros2_ws/install/service_demo/share/ament_index/resource_index/packages
copying package.xml -> /media/sns/Study/1_RME/Ros2/ros2_ws/install/service_demo/share/service_demo
running install_egg_info
Copying ../../build/service_demo/service_demo.egg-info to /media/sns/Study/1_RME/Ros2/ros2_ws/install/service_demo/lib/python3.12/site-packages/service_demo-1.0.0-py3.12.egg-info
running install_scripts
Installing client script to /media/sns/Study/1_RME/Ros2/ros2_ws/install/service_demo/lib/service_demo
Installing server script to /media/sns/Study/1_RME/Ros2/ros2_ws/install/service_demo/lib/service_demo
writing list of installed files to '/media/sns/Study/1_RME/Ros2/ros2_ws/build/service_demo/install.log'
