[0.093s] DEBUG:colcon:Command line arguments: ['/usr/bin/colcon', 'build', '--symlink-install']
[0.094s] DEBUG:colcon:Parsed command line arguments: Namespace(log_base=None, log_level=None, verb_name='build', build_base='build', install_base='install', merge_install=False, symlink_install=True, test_result_base=None, continue_on_error=False, executor='parallel', parallel_workers=16, event_handlers=None, ignore_user_meta=False, metas=['./colcon.meta'], base_paths=['.'], packages_ignore=None, packages_ignore_regex=None, paths=None, packages_up_to=None, packages_up_to_regex=None, packages_above=None, packages_above_and_dependencies=None, packages_above_depth=None, packages_select_by_dep=None, packages_skip_by_dep=None, packages_skip_up_to=None, packages_select_build_failed=False, packages_skip_build_finished=False, packages_select_test_failures=False, packages_skip_test_passed=False, packages_select=None, packages_skip=None, packages_select_regex=None, packages_skip_regex=None, packages_start=None, packages_end=None, allow_overriding=[], cmake_args=None, cmake_target=None, cmake_target_skip_unavailable=False, cmake_clean_cache=False, cmake_clean_first=False, cmake_force_configure=False, ament_cmake_args=None, catkin_cmake_args=None, catkin_skip_building_tests=False, mixin_files=None, mixin=None, verb_parser=<colcon_mixin.mixin.mixin_argument.MixinArgumentDecorator object at 0x7da60d242600>, verb_extension=<colcon_core.verb.build.BuildVerb object at 0x7da60d1e44a0>, main=<bound method BuildVerb.main of <colcon_core.verb.build.BuildVerb object at 0x7da60d1e44a0>>, mixin_verb=('build',))
[0.117s] Level 1:colcon.colcon_core.package_discovery:discover_packages(colcon_meta) check parameters
[0.117s] Level 1:colcon.colcon_core.package_discovery:discover_packages(recursive) check parameters
[0.117s] Level 1:colcon.colcon_core.package_discovery:discover_packages(ignore) check parameters
[0.117s] Level 1:colcon.colcon_core.package_discovery:discover_packages(path) check parameters
[0.117s] Level 1:colcon.colcon_core.package_discovery:discover_packages(colcon_meta) discover
[0.117s] Level 1:colcon.colcon_core.package_discovery:discover_packages(recursive) discover
[0.117s] INFO:colcon.colcon_core.package_discovery:Crawling recursively for packages in '/media/sns/Study/1_RME/Ros2/ros2_ws'
[0.117s] Level 1:colcon.colcon_core.package_identification:_identify(.) by extensions ['ignore', 'ignore_ament_install']
[0.117s] Level 1:colcon.colcon_core.package_identification:_identify(.) by extension 'ignore'
[0.118s] Level 1:colcon.colcon_core.package_identification:_identify(.) by extension 'ignore_ament_install'
[0.118s] Level 1:colcon.colcon_core.package_identification:_identify(.) by extensions ['colcon_pkg']
[0.118s] Level 1:colcon.colcon_core.package_identification:_identify(.) by extension 'colcon_pkg'
[0.118s] Level 1:colcon.colcon_core.package_identification:_identify(.) by extensions ['colcon_meta']
[0.118s] Level 1:colcon.colcon_core.package_identification:_identify(.) by extension 'colcon_meta'
[0.118s] Level 1:colcon.colcon_core.package_identification:_identify(.) by extensions ['ros']
[0.118s] Level 1:colcon.colcon_core.package_identification:_identify(.) by extension 'ros'
[0.135s] Level 1:colcon.colcon_core.package_identification:_identify(.) by extensions ['cmake', 'python']
[0.135s] Level 1:colcon.colcon_core.package_identification:_identify(.) by extension 'cmake'
[0.135s] Level 1:colcon.colcon_core.package_identification:_identify(.) by extension 'python'
[0.135s] Level 1:colcon.colcon_core.package_identification:_identify(.) by extensions ['python_setup_py']
[0.135s] Level 1:colcon.colcon_core.package_identification:_identify(.) by extension 'python_setup_py'
[0.135s] Level 1:colcon.colcon_core.package_identification:_identify(build) by extensions ['ignore', 'ignore_ament_install']
[0.135s] Level 1:colcon.colcon_core.package_identification:_identify(build) by extension 'ignore'
[0.135s] Level 1:colcon.colcon_core.package_identification:_identify(build) ignored
[0.135s] Level 1:colcon.colcon_core.package_identification:_identify(install) by extensions ['ignore', 'ignore_ament_install']
[0.135s] Level 1:colcon.colcon_core.package_identification:_identify(install) by extension 'ignore'
[0.136s] Level 1:colcon.colcon_core.package_identification:_identify(install) ignored
[0.136s] Level 1:colcon.colcon_core.package_identification:_identify(log) by extensions ['ignore', 'ignore_ament_install']
[0.136s] Level 1:colcon.colcon_core.package_identification:_identify(log) by extension 'ignore'
[0.136s] Level 1:colcon.colcon_core.package_identification:_identify(log) ignored
[0.136s] Level 1:colcon.colcon_core.package_identification:_identify(src) by extensions ['ignore', 'ignore_ament_install']
[0.136s] Level 1:colcon.colcon_core.package_identification:_identify(src) by extension 'ignore'
[0.136s] Level 1:colcon.colcon_core.package_identification:_identify(src) by extension 'ignore_ament_install'
[0.136s] Level 1:colcon.colcon_core.package_identification:_identify(src) by extensions ['colcon_pkg']
[0.136s] Level 1:colcon.colcon_core.package_identification:_identify(src) by extension 'colcon_pkg'
[0.136s] Level 1:colcon.colcon_core.package_identification:_identify(src) by extensions ['colcon_meta']
[0.136s] Level 1:colcon.colcon_core.package_identification:_identify(src) by extension 'colcon_meta'
[0.136s] Level 1:colcon.colcon_core.package_identification:_identify(src) by extensions ['ros']
[0.136s] Level 1:colcon.colcon_core.package_identification:_identify(src) by extension 'ros'
[0.136s] Level 1:colcon.colcon_core.package_identification:_identify(src) by extensions ['cmake', 'python']
[0.136s] Level 1:colcon.colcon_core.package_identification:_identify(src) by extension 'cmake'
[0.136s] Level 1:colcon.colcon_core.package_identification:_identify(src) by extension 'python'
[0.136s] Level 1:colcon.colcon_core.package_identification:_identify(src) by extensions ['python_setup_py']
[0.136s] Level 1:colcon.colcon_core.package_identification:_identify(src) by extension 'python_setup_py'
[0.136s] Level 1:colcon.colcon_core.package_identification:_identify(src/double_pendulum_arm) by extensions ['ignore', 'ignore_ament_install']
[0.136s] Level 1:colcon.colcon_core.package_identification:_identify(src/double_pendulum_arm) by extension 'ignore'
[0.136s] Level 1:colcon.colcon_core.package_identification:_identify(src/double_pendulum_arm) by extension 'ignore_ament_install'
[0.136s] Level 1:colcon.colcon_core.package_identification:_identify(src/double_pendulum_arm) by extensions ['colcon_pkg']
[0.136s] Level 1:colcon.colcon_core.package_identification:_identify(src/double_pendulum_arm) by extension 'colcon_pkg'
[0.136s] Level 1:colcon.colcon_core.package_identification:_identify(src/double_pendulum_arm) by extensions ['colcon_meta']
[0.136s] Level 1:colcon.colcon_core.package_identification:_identify(src/double_pendulum_arm) by extension 'colcon_meta'
[0.136s] Level 1:colcon.colcon_core.package_identification:_identify(src/double_pendulum_arm) by extensions ['ros']
[0.136s] Level 1:colcon.colcon_core.package_identification:_identify(src/double_pendulum_arm) by extension 'ros'
[0.138s] DEBUG:colcon.colcon_core.package_identification:Package 'src/double_pendulum_arm' with type 'ros.ament_python' and name 'double_pendulum_arm'
[0.138s] Level 1:colcon.colcon_core.package_identification:_identify(src/my_robot_description) by extensions ['ignore', 'ignore_ament_install']
[0.138s] Level 1:colcon.colcon_core.package_identification:_identify(src/my_robot_description) by extension 'ignore'
[0.138s] Level 1:colcon.colcon_core.package_identification:_identify(src/my_robot_description) by extension 'ignore_ament_install'
[0.138s] Level 1:colcon.colcon_core.package_identification:_identify(src/my_robot_description) by extensions ['colcon_pkg']
[0.138s] Level 1:colcon.colcon_core.package_identification:_identify(src/my_robot_description) by extension 'colcon_pkg'
[0.138s] Level 1:colcon.colcon_core.package_identification:_identify(src/my_robot_description) by extensions ['colcon_meta']
[0.138s] Level 1:colcon.colcon_core.package_identification:_identify(src/my_robot_description) by extension 'colcon_meta'
[0.138s] Level 1:colcon.colcon_core.package_identification:_identify(src/my_robot_description) by extensions ['ros']
[0.138s] Level 1:colcon.colcon_core.package_identification:_identify(src/my_robot_description) by extension 'ros'
[0.138s] DEBUG:colcon.colcon_core.package_identification:Package 'src/my_robot_description' with type 'ros.ament_python' and name 'my_robot_description'
[0.138s] Level 1:colcon.colcon_core.package_discovery:discover_packages(recursive) using defaults
[0.138s] Level 1:colcon.colcon_core.package_discovery:discover_packages(ignore) discover
[0.138s] Level 1:colcon.colcon_core.package_discovery:discover_packages(ignore) using defaults
[0.138s] Level 1:colcon.colcon_core.package_discovery:discover_packages(path) discover
[0.138s] Level 1:colcon.colcon_core.package_discovery:discover_packages(path) using defaults
[0.150s] Level 1:colcon.colcon_core.package_discovery:discover_packages(prefix_path) check parameters
[0.150s] Level 1:colcon.colcon_core.package_discovery:discover_packages(prefix_path) discover
[0.151s] DEBUG:colcon.colcon_installed_package_information.package_discovery:Found 1 installed packages in /media/sns/Study/1_RME/Ros2/ros2_ws/install
[0.152s] DEBUG:colcon.colcon_installed_package_information.package_discovery:Found 387 installed packages in /opt/ros/jazzy
[0.153s] Level 1:colcon.colcon_core.package_discovery:discover_packages(prefix_path) using defaults
[0.181s] Level 5:colcon.colcon_core.verb:set package 'double_pendulum_arm' build argument 'cmake_args' from command line to 'None'
[0.181s] Level 5:colcon.colcon_core.verb:set package 'double_pendulum_arm' build argument 'cmake_target' from command line to 'None'
[0.181s] Level 5:colcon.colcon_core.verb:set package 'double_pendulum_arm' build argument 'cmake_target_skip_unavailable' from command line to 'False'
[0.181s] Level 5:colcon.colcon_core.verb:set package 'double_pendulum_arm' build argument 'cmake_clean_cache' from command line to 'False'
[0.181s] Level 5:colcon.colcon_core.verb:set package 'double_pendulum_arm' build argument 'cmake_clean_first' from command line to 'False'
[0.181s] Level 5:colcon.colcon_core.verb:set package 'double_pendulum_arm' build argument 'cmake_force_configure' from command line to 'False'
[0.181s] Level 5:colcon.colcon_core.verb:set package 'double_pendulum_arm' build argument 'ament_cmake_args' from command line to 'None'
[0.181s] Level 5:colcon.colcon_core.verb:set package 'double_pendulum_arm' build argument 'catkin_cmake_args' from command line to 'None'
[0.181s] Level 5:colcon.colcon_core.verb:set package 'double_pendulum_arm' build argument 'catkin_skip_building_tests' from command line to 'False'
[0.181s] DEBUG:colcon.colcon_core.verb:Building package 'double_pendulum_arm' with the following arguments: {'ament_cmake_args': None, 'build_base': '/media/sns/Study/1_RME/Ros2/ros2_ws/build/double_pendulum_arm', 'catkin_cmake_args': None, 'catkin_skip_building_tests': False, 'cmake_args': None, 'cmake_clean_cache': False, 'cmake_clean_first': False, 'cmake_force_configure': False, 'cmake_target': None, 'cmake_target_skip_unavailable': False, 'install_base': '/media/sns/Study/1_RME/Ros2/ros2_ws/install/double_pendulum_arm', 'merge_install': False, 'path': '/media/sns/Study/1_RME/Ros2/ros2_ws/src/double_pendulum_arm', 'symlink_install': True, 'test_result_base': None}
[0.181s] Level 5:colcon.colcon_core.verb:set package 'my_robot_description' build argument 'cmake_args' from command line to 'None'
[0.181s] Level 5:colcon.colcon_core.verb:set package 'my_robot_description' build argument 'cmake_target' from command line to 'None'
[0.181s] Level 5:colcon.colcon_core.verb:set package 'my_robot_description' build argument 'cmake_target_skip_unavailable' from command line to 'False'
[0.181s] Level 5:colcon.colcon_core.verb:set package 'my_robot_description' build argument 'cmake_clean_cache' from command line to 'False'
[0.181s] Level 5:colcon.colcon_core.verb:set package 'my_robot_description' build argument 'cmake_clean_first' from command line to 'False'
[0.181s] Level 5:colcon.colcon_core.verb:set package 'my_robot_description' build argument 'cmake_force_configure' from command line to 'False'
[0.181s] Level 5:colcon.colcon_core.verb:set package 'my_robot_description' build argument 'ament_cmake_args' from command line to 'None'
[0.181s] Level 5:colcon.colcon_core.verb:set package 'my_robot_description' build argument 'catkin_cmake_args' from command line to 'None'
[0.181s] Level 5:colcon.colcon_core.verb:set package 'my_robot_description' build argument 'catkin_skip_building_tests' from command line to 'False'
[0.181s] DEBUG:colcon.colcon_core.verb:Building package 'my_robot_description' with the following arguments: {'ament_cmake_args': None, 'build_base': '/media/sns/Study/1_RME/Ros2/ros2_ws/build/my_robot_description', 'catkin_cmake_args': None, 'catkin_skip_building_tests': False, 'cmake_args': None, 'cmake_clean_cache': False, 'cmake_clean_first': False, 'cmake_force_configure': False, 'cmake_target': None, 'cmake_target_skip_unavailable': False, 'install_base': '/media/sns/Study/1_RME/Ros2/ros2_ws/install/my_robot_description', 'merge_install': False, 'path': '/media/sns/Study/1_RME/Ros2/ros2_ws/src/my_robot_description', 'symlink_install': True, 'test_result_base': None}
[0.181s] INFO:colcon.colcon_core.executor:Executing jobs using 'parallel' executor
[0.182s] DEBUG:colcon.colcon_parallel_executor.executor.parallel:run_until_complete
[0.182s] INFO:colcon.colcon_ros.task.ament_python.build:Building ROS package in '/media/sns/Study/1_RME/Ros2/ros2_ws/src/double_pendulum_arm' with build type 'ament_python'
[0.182s] Level 1:colcon.colcon_core.shell:create_environment_hook('double_pendulum_arm', 'ament_prefix_path')
[0.183s] INFO:colcon.colcon_core.plugin_system:Skipping extension 'colcon_core.shell.bat': Not used on non-Windows systems
[0.183s] INFO:colcon.colcon_core.shell:Creating environment hook '/media/sns/Study/1_RME/Ros2/ros2_ws/install/double_pendulum_arm/share/double_pendulum_arm/hook/ament_prefix_path.ps1'
[0.185s] INFO:colcon.colcon_core.shell:Creating environment descriptor '/media/sns/Study/1_RME/Ros2/ros2_ws/install/double_pendulum_arm/share/double_pendulum_arm/hook/ament_prefix_path.dsv'
[0.185s] INFO:colcon.colcon_core.shell:Creating environment hook '/media/sns/Study/1_RME/Ros2/ros2_ws/install/double_pendulum_arm/share/double_pendulum_arm/hook/ament_prefix_path.sh'
[0.185s] INFO:colcon.colcon_core.shell:Skip shell extension 'powershell' for command environment: Not usable outside of PowerShell
[0.185s] DEBUG:colcon.colcon_core.shell:Skip shell extension 'dsv' for command environment
[0.198s] INFO:colcon.colcon_ros.task.ament_python.build:Building ROS package in '/media/sns/Study/1_RME/Ros2/ros2_ws/src/my_robot_description' with build type 'ament_python'
[0.198s] Level 1:colcon.colcon_core.shell:create_environment_hook('my_robot_description', 'ament_prefix_path')
[0.198s] INFO:colcon.colcon_core.shell:Creating environment hook '/media/sns/Study/1_RME/Ros2/ros2_ws/install/my_robot_description/share/my_robot_description/hook/ament_prefix_path.ps1'
[0.199s] INFO:colcon.colcon_core.shell:Creating environment descriptor '/media/sns/Study/1_RME/Ros2/ros2_ws/install/my_robot_description/share/my_robot_description/hook/ament_prefix_path.dsv'
[0.199s] INFO:colcon.colcon_core.shell:Creating environment hook '/media/sns/Study/1_RME/Ros2/ros2_ws/install/my_robot_description/share/my_robot_description/hook/ament_prefix_path.sh'
[0.199s] INFO:colcon.colcon_core.shell:Skip shell extension 'powershell' for command environment: Not usable outside of PowerShell
[0.199s] DEBUG:colcon.colcon_core.shell:Skip shell extension 'dsv' for command environment
[0.341s] INFO:colcon.colcon_core.task.python.build:Building Python package in '/media/sns/Study/1_RME/Ros2/ros2_ws/src/double_pendulum_arm'
[0.341s] INFO:colcon.colcon_core.shell:Skip shell extension 'powershell' for command environment: Not usable outside of PowerShell
[0.341s] DEBUG:colcon.colcon_core.shell:Skip shell extension 'dsv' for command environment
[0.482s] INFO:colcon.colcon_core.task.python.build:Building Python package in '/media/sns/Study/1_RME/Ros2/ros2_ws/src/my_robot_description'
[0.482s] INFO:colcon.colcon_core.shell:Skip shell extension 'powershell' for command environment: Not usable outside of PowerShell
[0.482s] DEBUG:colcon.colcon_core.shell:Skip shell extension 'dsv' for command environment
[0.938s] DEBUG:colcon.colcon_core.event_handler.log_command:Invoking command in '/media/sns/Study/1_RME/Ros2/ros2_ws/build/my_robot_description': CONDA_PROMPT_MODIFIER=(base) DEBUGINFOD_URLS=https://debuginfod.ubuntu.com PYTHONPATH=/media/sns/Study/1_RME/Ros2/ros2_ws/build/my_robot_description/prefix_override:/usr/lib/python3/dist-packages/colcon_core/task/python/colcon_distutils_commands:/media/sns/Study/1_RME/Ros2/ros2_ws/install/my_robot_description/lib/python3.12/site-packages:${PYTHONPATH} /usr/bin/python3 -W ignore:setup.py install is deprecated -W ignore:easy_install command is deprecated setup.py develop --editable --build-directory /media/sns/Study/1_RME/Ros2/ros2_ws/build/my_robot_description/build --no-deps symlink_data
[0.940s] DEBUG:colcon.colcon_core.event_handler.log_command:Invoking command in '/media/sns/Study/1_RME/Ros2/ros2_ws/build/double_pendulum_arm': CONDA_PROMPT_MODIFIER=(base) DEBUGINFOD_URLS=https://debuginfod.ubuntu.com PYTHONPATH=/media/sns/Study/1_RME/Ros2/ros2_ws/build/double_pendulum_arm/prefix_override:/usr/lib/python3/dist-packages/colcon_core/task/python/colcon_distutils_commands:/media/sns/Study/1_RME/Ros2/ros2_ws/install/double_pendulum_arm/lib/python3.12/site-packages:${PYTHONPATH} /usr/bin/python3 -W ignore:setup.py install is deprecated -W ignore:easy_install command is deprecated setup.py develop --editable --build-directory /media/sns/Study/1_RME/Ros2/ros2_ws/build/double_pendulum_arm/build --no-deps symlink_data
[1.418s] Level 1:colcon.colcon_core.shell:create_environment_hook('my_robot_description', 'pythonpath_develop')
[1.418s] INFO:colcon.colcon_core.shell:Creating environment hook '/media/sns/Study/1_RME/Ros2/ros2_ws/build/my_robot_description/share/my_robot_description/hook/pythonpath_develop.ps1'
[1.419s] INFO:colcon.colcon_core.shell:Creating environment descriptor '/media/sns/Study/1_RME/Ros2/ros2_ws/build/my_robot_description/share/my_robot_description/hook/pythonpath_develop.dsv'
[1.419s] DEBUG:colcon.colcon_core.event_handler.log_command:Invoked command in '/media/sns/Study/1_RME/Ros2/ros2_ws/build/my_robot_description' returned '0': CONDA_PROMPT_MODIFIER=(base) DEBUGINFOD_URLS=https://debuginfod.ubuntu.com PYTHONPATH=/media/sns/Study/1_RME/Ros2/ros2_ws/build/my_robot_description/prefix_override:/usr/lib/python3/dist-packages/colcon_core/task/python/colcon_distutils_commands:/media/sns/Study/1_RME/Ros2/ros2_ws/install/my_robot_description/lib/python3.12/site-packages:${PYTHONPATH} /usr/bin/python3 -W ignore:setup.py install is deprecated -W ignore:easy_install command is deprecated setup.py develop --editable --build-directory /media/sns/Study/1_RME/Ros2/ros2_ws/build/my_robot_description/build --no-deps symlink_data
[1.419s] INFO:colcon.colcon_core.shell:Creating environment hook '/media/sns/Study/1_RME/Ros2/ros2_ws/build/my_robot_description/share/my_robot_description/hook/pythonpath_develop.sh'
[1.421s] Level 1:colcon.colcon_core.environment:checking '/media/sns/Study/1_RME/Ros2/ros2_ws/install/my_robot_description' for CMake module files
[1.421s] Level 1:colcon.colcon_core.environment:checking '/media/sns/Study/1_RME/Ros2/ros2_ws/install/my_robot_description' for CMake config files
[1.421s] Level 1:colcon.colcon_core.environment:checking '/media/sns/Study/1_RME/Ros2/ros2_ws/install/my_robot_description/lib'
[1.422s] Level 1:colcon.colcon_core.environment:checking '/media/sns/Study/1_RME/Ros2/ros2_ws/install/my_robot_description/bin'
[1.422s] Level 1:colcon.colcon_core.environment:checking '/media/sns/Study/1_RME/Ros2/ros2_ws/install/my_robot_description/lib/pkgconfig/my_robot_description.pc'
[1.422s] Level 1:colcon.colcon_core.environment:checking '/media/sns/Study/1_RME/Ros2/ros2_ws/install/my_robot_description/lib/python3.12/site-packages'
[1.422s] Level 1:colcon.colcon_core.shell:create_environment_hook('my_robot_description', 'pythonpath')
[1.422s] INFO:colcon.colcon_core.shell:Creating environment hook '/media/sns/Study/1_RME/Ros2/ros2_ws/install/my_robot_description/share/my_robot_description/hook/pythonpath.ps1'
[1.422s] INFO:colcon.colcon_core.shell:Creating environment descriptor '/media/sns/Study/1_RME/Ros2/ros2_ws/install/my_robot_description/share/my_robot_description/hook/pythonpath.dsv'
[1.422s] INFO:colcon.colcon_core.shell:Creating environment hook '/media/sns/Study/1_RME/Ros2/ros2_ws/install/my_robot_description/share/my_robot_description/hook/pythonpath.sh'
[1.423s] Level 1:colcon.colcon_core.environment:checking '/media/sns/Study/1_RME/Ros2/ros2_ws/install/my_robot_description/bin'
[1.423s] Level 1:colcon.colcon_core.environment:create_environment_scripts_only(my_robot_description)
[1.423s] INFO:colcon.colcon_core.shell:Creating package script '/media/sns/Study/1_RME/Ros2/ros2_ws/install/my_robot_description/share/my_robot_description/package.ps1'
[1.424s] INFO:colcon.colcon_core.shell:Creating package descriptor '/media/sns/Study/1_RME/Ros2/ros2_ws/install/my_robot_description/share/my_robot_description/package.dsv'
[1.424s] INFO:colcon.colcon_core.shell:Creating package script '/media/sns/Study/1_RME/Ros2/ros2_ws/install/my_robot_description/share/my_robot_description/package.sh'
[1.424s] INFO:colcon.colcon_core.shell:Creating package script '/media/sns/Study/1_RME/Ros2/ros2_ws/install/my_robot_description/share/my_robot_description/package.bash'
[1.425s] INFO:colcon.colcon_core.shell:Creating package script '/media/sns/Study/1_RME/Ros2/ros2_ws/install/my_robot_description/share/my_robot_description/package.zsh'
[1.425s] Level 1:colcon.colcon_core.environment:create_file_with_runtime_dependencies(/media/sns/Study/1_RME/Ros2/ros2_ws/install/my_robot_description/share/colcon-core/packages/my_robot_description)
[1.431s] Level 1:colcon.colcon_core.shell:create_environment_hook('double_pendulum_arm', 'pythonpath_develop')
[1.431s] INFO:colcon.colcon_core.shell:Creating environment hook '/media/sns/Study/1_RME/Ros2/ros2_ws/build/double_pendulum_arm/share/double_pendulum_arm/hook/pythonpath_develop.ps1'
[1.432s] DEBUG:colcon.colcon_core.event_handler.log_command:Invoked command in '/media/sns/Study/1_RME/Ros2/ros2_ws/build/double_pendulum_arm' returned '0': CONDA_PROMPT_MODIFIER=(base) DEBUGINFOD_URLS=https://debuginfod.ubuntu.com PYTHONPATH=/media/sns/Study/1_RME/Ros2/ros2_ws/build/double_pendulum_arm/prefix_override:/usr/lib/python3/dist-packages/colcon_core/task/python/colcon_distutils_commands:/media/sns/Study/1_RME/Ros2/ros2_ws/install/double_pendulum_arm/lib/python3.12/site-packages:${PYTHONPATH} /usr/bin/python3 -W ignore:setup.py install is deprecated -W ignore:easy_install command is deprecated setup.py develop --editable --build-directory /media/sns/Study/1_RME/Ros2/ros2_ws/build/double_pendulum_arm/build --no-deps symlink_data
[1.433s] INFO:colcon.colcon_core.shell:Creating environment descriptor '/media/sns/Study/1_RME/Ros2/ros2_ws/build/double_pendulum_arm/share/double_pendulum_arm/hook/pythonpath_develop.dsv'
[1.433s] INFO:colcon.colcon_core.shell:Creating environment hook '/media/sns/Study/1_RME/Ros2/ros2_ws/build/double_pendulum_arm/share/double_pendulum_arm/hook/pythonpath_develop.sh'
[1.433s] Level 1:colcon.colcon_core.environment:checking '/media/sns/Study/1_RME/Ros2/ros2_ws/install/double_pendulum_arm' for CMake module files
[1.434s] Level 1:colcon.colcon_core.environment:checking '/media/sns/Study/1_RME/Ros2/ros2_ws/install/double_pendulum_arm' for CMake config files
[1.434s] Level 1:colcon.colcon_core.environment:checking '/media/sns/Study/1_RME/Ros2/ros2_ws/install/double_pendulum_arm/lib'
[1.434s] Level 1:colcon.colcon_core.environment:checking '/media/sns/Study/1_RME/Ros2/ros2_ws/install/double_pendulum_arm/bin'
[1.434s] Level 1:colcon.colcon_core.environment:checking '/media/sns/Study/1_RME/Ros2/ros2_ws/install/double_pendulum_arm/lib/pkgconfig/double_pendulum_arm.pc'
[1.434s] Level 1:colcon.colcon_core.environment:checking '/media/sns/Study/1_RME/Ros2/ros2_ws/install/double_pendulum_arm/lib/python3.12/site-packages'
[1.434s] Level 1:colcon.colcon_core.shell:create_environment_hook('double_pendulum_arm', 'pythonpath')
[1.434s] INFO:colcon.colcon_core.shell:Creating environment hook '/media/sns/Study/1_RME/Ros2/ros2_ws/install/double_pendulum_arm/share/double_pendulum_arm/hook/pythonpath.ps1'
[1.435s] INFO:colcon.colcon_core.shell:Creating environment descriptor '/media/sns/Study/1_RME/Ros2/ros2_ws/install/double_pendulum_arm/share/double_pendulum_arm/hook/pythonpath.dsv'
[1.435s] INFO:colcon.colcon_core.shell:Creating environment hook '/media/sns/Study/1_RME/Ros2/ros2_ws/install/double_pendulum_arm/share/double_pendulum_arm/hook/pythonpath.sh'
[1.436s] Level 1:colcon.colcon_core.environment:checking '/media/sns/Study/1_RME/Ros2/ros2_ws/install/double_pendulum_arm/bin'
[1.436s] Level 1:colcon.colcon_core.environment:create_environment_scripts_only(double_pendulum_arm)
[1.436s] INFO:colcon.colcon_core.shell:Creating package script '/media/sns/Study/1_RME/Ros2/ros2_ws/install/double_pendulum_arm/share/double_pendulum_arm/package.ps1'
[1.436s] INFO:colcon.colcon_core.shell:Creating package descriptor '/media/sns/Study/1_RME/Ros2/ros2_ws/install/double_pendulum_arm/share/double_pendulum_arm/package.dsv'
[1.436s] INFO:colcon.colcon_core.shell:Creating package script '/media/sns/Study/1_RME/Ros2/ros2_ws/install/double_pendulum_arm/share/double_pendulum_arm/package.sh'
[1.437s] INFO:colcon.colcon_core.shell:Creating package script '/media/sns/Study/1_RME/Ros2/ros2_ws/install/double_pendulum_arm/share/double_pendulum_arm/package.bash'
[1.437s] INFO:colcon.colcon_core.shell:Creating package script '/media/sns/Study/1_RME/Ros2/ros2_ws/install/double_pendulum_arm/share/double_pendulum_arm/package.zsh'
[1.438s] Level 1:colcon.colcon_core.environment:create_file_with_runtime_dependencies(/media/sns/Study/1_RME/Ros2/ros2_ws/install/double_pendulum_arm/share/colcon-core/packages/double_pendulum_arm)
[1.438s] DEBUG:colcon.colcon_parallel_executor.executor.parallel:closing loop
[1.438s] DEBUG:colcon.colcon_parallel_executor.executor.parallel:loop closed
[1.439s] DEBUG:colcon.colcon_parallel_executor.executor.parallel:run_until_complete finished with '0'
[1.439s] DEBUG:colcon.colcon_core.event_reactor:joining thread
[1.444s] INFO:colcon.colcon_core.plugin_system:Skipping extension 'colcon_notification.desktop_notification.terminal_notifier': Not used on non-Darwin systems
[1.444s] INFO:colcon.colcon_core.plugin_system:Skipping extension 'colcon_notification.desktop_notification.win32': Not used on non-Windows systems
[1.444s] INFO:colcon.colcon_notification.desktop_notification:Sending desktop notification using 'notify2'
[1.452s] DEBUG:colcon.colcon_core.event_reactor:joined thread
[1.452s] INFO:colcon.colcon_core.shell:Creating prefix script '/media/sns/Study/1_RME/Ros2/ros2_ws/install/local_setup.ps1'
[1.453s] INFO:colcon.colcon_core.shell:Creating prefix util module '/media/sns/Study/1_RME/Ros2/ros2_ws/install/_local_setup_util_ps1.py'
[1.453s] INFO:colcon.colcon_core.shell:Creating prefix chain script '/media/sns/Study/1_RME/Ros2/ros2_ws/install/setup.ps1'
[1.454s] INFO:colcon.colcon_core.shell:Creating prefix script '/media/sns/Study/1_RME/Ros2/ros2_ws/install/local_setup.sh'
[1.454s] INFO:colcon.colcon_core.shell:Creating prefix util module '/media/sns/Study/1_RME/Ros2/ros2_ws/install/_local_setup_util_sh.py'
[1.454s] INFO:colcon.colcon_core.shell:Creating prefix chain script '/media/sns/Study/1_RME/Ros2/ros2_ws/install/setup.sh'
[1.455s] INFO:colcon.colcon_core.shell:Creating prefix script '/media/sns/Study/1_RME/Ros2/ros2_ws/install/local_setup.bash'
[1.455s] INFO:colcon.colcon_core.shell:Creating prefix chain script '/media/sns/Study/1_RME/Ros2/ros2_ws/install/setup.bash'
[1.455s] INFO:colcon.colcon_core.shell:Creating prefix script '/media/sns/Study/1_RME/Ros2/ros2_ws/install/local_setup.zsh'
[1.456s] INFO:colcon.colcon_core.shell:Creating prefix chain script '/media/sns/Study/1_RME/Ros2/ros2_ws/install/setup.zsh'
